Output of:
/usr/local/arm/gcc-linaro-4.9.4-2017.01-x86_64_arm-linux-gnueabihf/bin/arm-linux-gnueabihf-gcc -Wall -Wshadow -Wwrite-strings -Wundef -Wstrict-prototypes -Wunused -Wunused-parameter -Wunused-function -Wunused-value -Wmissing-prototypes -Wmissing-declarations -Wno-format-security -Wdeclaration-after-statement -Wold-style-definition -fno-builtin-strlen -finline-limit=0 -fomit-frame-pointer -ffunction-sections -fdata-sections -fno-guess-branch-probability -funsigned-char -static-libgcc -falign-functions=1 -falign-jumps=1 -falign-labels=1 -falign-loops=1 -fno-unwind-tables -fno-asynchronous-unwind-tables -Os -o busybox_unstripped -Wl,--sort-common -Wl,--sort-section,alignment -Wl,--gc-sections -Wl,--start-group applets/built-in.o archival/lib.a archival/libarchive/lib.a console-tools/lib.a coreutils/lib.a coreutils/libcoreutils/lib.a debianutils/lib.a e2fsprogs/lib.a editors/lib.a findutils/lib.a init/lib.a libbb/lib.a libpwdgrp/lib.a loginutils/lib.a mailutils/lib.a miscutils/lib.a modutils/lib.a networking/lib.a networking/libiproute/lib.a networking/udhcp/lib.a printutils/lib.a procps/lib.a runit/lib.a selinux/lib.a shell/lib.a sysklogd/lib.a util-linux/lib.a util-linux/volume_id/lib.a archival/built-in.o archival/libarchive/built-in.o console-tools/built-in.o coreutils/built-in.o coreutils/libcoreutils/built-in.o debianutils/built-in.o e2fsprogs/built-in.o editors/built-in.o findutils/built-in.o init/built-in.o libbb/built-in.o libpwdgrp/built-in.o loginutils/built-in.o mailutils/built-in.o miscutils/built-in.o modutils/built-in.o networking/built-in.o networking/libiproute/built-in.o networking/udhcp/built-in.o printutils/built-in.o procps/built-in.o runit/built-in.o selinux/built-in.o shell/built-in.o sysklogd/built-in.o util-linux/built-in.o util-linux/volume_id/built-in.o -Wl,--end-group -Wl,--start-group -Wl,--end-group -Wl,--warn-common -Wl,-Map,busybox_unstripped.map -Wl,--verbose
==========
GNU ld (Linaro_Binutils-2017.01) 2.24.0.20141017 Linaro 2014_11-3-git
  支持的仿真：
   armelf_linux_eabi
   armelfb_linux_eabi
使用内部链接脚本：
==================================================
/* Script for -z combreloc: combine and sort reloc sections */
OUTPUT_FORMAT("elf32-littlearm", "elf32-bigarm",
	      "elf32-littlearm")
OUTPUT_ARCH(arm)
ENTRY(_start)
SEARCH_DIR("=/usr/local/lib"); SEARCH_DIR("=/lib"); SEARCH_DIR("=/usr/lib");
SECTIONS
{
  /* Read-only sections, merged into text segment: */
  PROVIDE (__executable_start = SEGMENT_START("text-segment", 0x00010000)); . = SEGMENT_START("text-segment", 0x00010000) + SIZEOF_HEADERS;
  .interp         : { *(.interp) }
  .note.gnu.build-id : { *(.note.gnu.build-id) }
  .hash           : { *(.hash) }
  .gnu.hash       : { *(.gnu.hash) }
  .dynsym         : { *(.dynsym) }
  .dynstr         : { *(.dynstr) }
  .gnu.version    : { *(.gnu.version) }
  .gnu.version_d  : { *(.gnu.version_d) }
  .gnu.version_r  : { *(.gnu.version_r) }
  .rel.dyn        :
    {
      *(.rel.init)
      *(.rel.text .rel.text.* .rel.gnu.linkonce.t.*)
      *(.rel.fini)
      *(.rel.rodata .rel.rodata.* .rel.gnu.linkonce.r.*)
      *(.rel.data.rel.ro .rel.data.rel.ro.* .rel.gnu.linkonce.d.rel.ro.*)
      *(.rel.data .rel.data.* .rel.gnu.linkonce.d.*)
      *(.rel.tdata .rel.tdata.* .rel.gnu.linkonce.td.*)
      *(.rel.tbss .rel.tbss.* .rel.gnu.linkonce.tb.*)
      *(.rel.ctors)
      *(.rel.dtors)
      *(.rel.got)
      *(.rel.bss .rel.bss.* .rel.gnu.linkonce.b.*)
      PROVIDE_HIDDEN (__rel_iplt_start = .);
      *(.rel.iplt)
      PROVIDE_HIDDEN (__rel_iplt_end = .);
    }
  .rela.dyn       :
    {
      *(.rela.init)
      *(.rela.text .rela.text.* .rela.gnu.linkonce.t.*)
      *(.rela.fini)
      *(.rela.rodata .rela.rodata.* .rela.gnu.linkonce.r.*)
      *(.rela.data .rela.data.* .rela.gnu.linkonce.d.*)
      *(.rela.tdata .rela.tdata.* .rela.gnu.linkonce.td.*)
      *(.rela.tbss .rela.tbss.* .rela.gnu.linkonce.tb.*)
      *(.rela.ctors)
      *(.rela.dtors)
      *(.rela.got)
      *(.rela.bss .rela.bss.* .rela.gnu.linkonce.b.*)
      PROVIDE_HIDDEN (__rela_iplt_start = .);
      *(.rela.iplt)
      PROVIDE_HIDDEN (__rela_iplt_end = .);
    }
  .rel.plt        :
    {
      *(.rel.plt)
    }
  .rela.plt       :
    {
      *(.rela.plt)
    }
  .init           :
  {
    KEEP (*(SORT_NONE(.init)))
  }
  .plt            : { *(.plt) }
  .iplt           : { *(.iplt) }
  .text           :
  {
    *(.text.unlikely .text.*_unlikely .text.unlikely.*)
    *(.text.exit .text.exit.*)
    *(.text.startup .text.startup.*)
    *(.text.hot .text.hot.*)
    *(.text .stub .text.* .gnu.linkonce.t.*)
    /* .gnu.warning sections are handled specially by elf32.em.  */
    *(.gnu.warning)
    *(.glue_7t) *(.glue_7) *(.vfp11_veneer) *(.v4_bx)
  }
  .fini           :
  {
    KEEP (*(SORT_NONE(.fini)))
  }
  PROVIDE (__etext = .);
  PROVIDE (_etext = .);
  PROVIDE (etext = .);
  .rodata         : { *(.rodata .rodata.* .gnu.linkonce.r.*) }
  .rodata1        : { *(.rodata1) }
  .ARM.extab   : { *(.ARM.extab* .gnu.linkonce.armextab.*) }
   PROVIDE_HIDDEN (__exidx_start = .);
  .ARM.exidx   : { *(.ARM.exidx* .gnu.linkonce.armexidx.*) }
   PROVIDE_HIDDEN (__exidx_end = .);
  .eh_frame_hdr : { *(.eh_frame_hdr) }
  .eh_frame       : ONLY_IF_RO { KEEP (*(.eh_frame)) }
  .gcc_except_table   : ONLY_IF_RO { *(.gcc_except_table
  .gcc_except_table.*) }
  /* These sections are generated by the Sun/Oracle C++ compiler.  */
  .exception_ranges   : ONLY_IF_RO { *(.exception_ranges
  .exception_ranges*) }
  /* Adjust the address for the data segment.  We want to adjust up to
     the same address within the page on the next page up.  */
  . = ALIGN (CONSTANT (MAXPAGESIZE)) - ((CONSTANT (MAXPAGESIZE) - .) & (CONSTANT (MAXPAGESIZE) - 1)); . = DATA_SEGMENT_ALIGN (CONSTANT (MAXPAGESIZE), CONSTANT (COMMONPAGESIZE));
  /* Exception handling  */
  .eh_frame       : ONLY_IF_RW { KEEP (*(.eh_frame)) }
  .gcc_except_table   : ONLY_IF_RW { *(.gcc_except_table .gcc_except_table.*) }
  .exception_ranges   : ONLY_IF_RW { *(.exception_ranges .exception_ranges*) }
  /* Thread Local Storage sections  */
  .tdata	  : { *(.tdata .tdata.* .gnu.linkonce.td.*) }
  .tbss		  : { *(.tbss .tbss.* .gnu.linkonce.tb.*) *(.tcommon) }
  .preinit_array     :
  {
    PROVIDE_HIDDEN (__preinit_array_start = .);
    KEEP (*(.preinit_array))
    PROVIDE_HIDDEN (__preinit_array_end = .);
  }
  .init_array     :
  {
    PROVIDE_HIDDEN (__init_array_start = .);
    KEEP (*(SORT(.init_array.*)))
    KEEP (*(.init_array ))
    PROVIDE_HIDDEN (__init_array_end = .);
  }
  .fini_array     :
  {
    PROVIDE_HIDDEN (__fini_array_start = .);
    KEEP (*(SORT(.fini_array.*)))
    KEEP (*(.fini_array ))
    PROVIDE_HIDDEN (__fini_array_end = .);
  }
  .ctors          :
  {
    /* gcc uses crtbegin.o to find the start of
       the constructors, so we make sure it is
       first.  Because this is a wildcard, it
       doesn't matter if the user does not
       actually link against crtbegin.o; the
       linker won't look for a file to match a
       wildcard.  The wildcard also means that it
       doesn't matter which directory crtbegin.o
       is in.  */
    KEEP (*crtbegin.o(.ctors))
    KEEP (*crtbegin?.o(.ctors))
    /* We don't want to include the .ctor section from
       the crtend.o file until after the sorted ctors.
       The .ctor section from the crtend file contains the
       end of ctors marker and it must be last */
    KEEP (*(EXCLUDE_FILE (*crtend.o *crtend?.o ) .ctors))
    KEEP (*(SORT(.ctors.*)))
    KEEP (*(.ctors))
  }
  .dtors          :
  {
    KEEP (*crtbegin.o(.dtors))
    KEEP (*crtbegin?.o(.dtors))
    KEEP (*(EXCLUDE_FILE (*crtend.o *crtend?.o ) .dtors))
    KEEP (*(SORT(.dtors.*)))
    KEEP (*(.dtors))
  }
  .jcr            : { KEEP (*(.jcr)) }
  .data.rel.ro : { *(.data.rel.ro.local* .gnu.linkonce.d.rel.ro.local.*) *(.data.rel.ro .data.rel.ro.* .gnu.linkonce.d.rel.ro.*) }
  .dynamic        : { *(.dynamic) }
  . = DATA_SEGMENT_RELRO_END (0, .);
  .got            : { *(.got.plt) *(.igot.plt) *(.got) *(.igot) }
  .data           :
  {
    PROVIDE (__data_start = .);
    *(.data .data.* .gnu.linkonce.d.*)
    SORT(CONSTRUCTORS)
  }
  .data1          : { *(.data1) }
  _edata = .; PROVIDE (edata = .);
  . = .;
  __bss_start = .;
  __bss_start__ = .;
  .bss            :
  {
   *(.dynbss)
   *(.bss .bss.* .gnu.linkonce.b.*)
   *(COMMON)
   /* Align here to ensure that the .bss section occupies space up to
      _end.  Align after .bss to ensure correct alignment even if the
      .bss section disappears because there are no input sections.
      FIXME: Why do we need it? When there is no .bss section, we don't
      pad the .data section.  */
   . = ALIGN(. != 0 ? 32 / 8 : 1);
  }
  _bss_end__ = . ; __bss_end__ = . ;
  . = ALIGN(32 / 8);
  . = SEGMENT_START("ldata-segment", .);
  . = ALIGN(32 / 8);
  __end__ = . ;
  _end = .; PROVIDE (end = .);
  . = DATA_SEGMENT_END (.);
  /* Stabs debugging sections.  */
  .stab          0 : { *(.stab) }
  .stabstr       0 : { *(.stabstr) }
  .stab.excl     0 : { *(.stab.excl) }
  .stab.exclstr  0 : { *(.stab.exclstr) }
  .stab.index    0 : { *(.stab.index) }
  .stab.indexstr 0 : { *(.stab.indexstr) }
  .comment       0 : { *(.comment) }
  /* DWARF debug sections.
     Symbols in the DWARF debugging sections are relative to the beginning
     of the section so we begin them at 0.  */
  /* DWARF 1 */
  .debug          0 : { *(.debug) }
  .line           0 : { *(.line) }
  /* GNU DWARF 1 extensions */
  .debug_srcinfo  0 : { *(.debug_srcinfo) }
  .debug_sfnames  0 : { *(.debug_sfnames) }
  /* DWARF 1.1 and DWARF 2 */
  .debug_aranges  0 : { *(.debug_aranges) }
  .debug_pubnames 0 : { *(.debug_pubnames) }
  /* DWARF 2 */
  .debug_info     0 : { *(.debug_info .gnu.linkonce.wi.*) }
  .debug_abbrev   0 : { *(.debug_abbrev) }
  .debug_line     0 : { *(.debug_line .debug_line.* .debug_line_end ) }
  .debug_frame    0 : { *(.debug_frame) }
  .debug_str      0 : { *(.debug_str) }
  .debug_loc      0 : { *(.debug_loc) }
  .debug_macinfo  0 : { *(.debug_macinfo) }
  /* SGI/MIPS DWARF 2 extensions */
  .debug_weaknames 0 : { *(.debug_weaknames) }
  .debug_funcnames 0 : { *(.debug_funcnames) }
  .debug_typenames 0 : { *(.debug_typenames) }
  .debug_varnames  0 : { *(.debug_varnames) }
  /* DWARF 3 */
  .debug_pubtypes 0 : { *(.debug_pubtypes) }
  .debug_ranges   0 : { *(.debug_ranges) }
  /* DWARF Extension.  */
  .debug_macro    0 : { *(.debug_macro) }
  .gnu.attributes 0 : { KEEP (*(.gnu.attributes)) }
  .note.gnu.arm.ident 0 : { KEEP (*(.note.gnu.arm.ident)) }
  /DISCARD/ : { *(.note.GNU-stack) *(.gnu_debuglink) *(.gnu.lto_*) }
}


==================================================
试图打开 /usr/local/arm/gcc-linaro-4.9.4-2017.01-x86_64_arm-linux-gnueabihf/bin/../arm-linux-gnueabihf/libc/usr/lib/crt1.o 成功
/usr/local/arm/gcc-linaro-4.9.4-2017.01-x86_64_arm-linux-gnueabihf/bin/../arm-linux-gnueabihf/libc/usr/lib/crt1.o
试图打开 /usr/local/arm/gcc-linaro-4.9.4-2017.01-x86_64_arm-linux-gnueabihf/bin/../arm-linux-gnueabihf/libc/usr/lib/crti.o 成功
/usr/local/arm/gcc-linaro-4.9.4-2017.01-x86_64_arm-linux-gnueabihf/bin/../arm-linux-gnueabihf/libc/usr/lib/crti.o
试图打开 /usr/local/arm/gcc-linaro-4.9.4-2017.01-x86_64_arm-linux-gnueabihf/bin/../lib/gcc/arm-linux-gnueabihf/4.9.4/crtbegin.o 成功
/usr/local/arm/gcc-linaro-4.9.4-2017.01-x86_64_arm-linux-gnueabihf/bin/../lib/gcc/arm-linux-gnueabihf/4.9.4/crtbegin.o
试图打开 applets/built-in.o 成功
applets/built-in.o
试图打开 archival/lib.a 成功
试图打开 archival/libarchive/lib.a 成功
试图打开 console-tools/lib.a 成功
试图打开 coreutils/lib.a 成功
试图打开 coreutils/libcoreutils/lib.a 成功
试图打开 debianutils/lib.a 成功
试图打开 e2fsprogs/lib.a 成功
试图打开 editors/lib.a 成功
试图打开 findutils/lib.a 成功
试图打开 init/lib.a 成功
试图打开 libbb/lib.a 成功
(libbb/lib.a)appletlib.o
(libbb/lib.a)default_error_retval.o
(libbb/lib.a)get_last_path_component.o
(libbb/lib.a)last_char_is.o
(libbb/lib.a)messages.o
(libbb/lib.a)ptr_to_globals.o
(libbb/lib.a)xfunc_die.o
(libbb/lib.a)xfuncs.o
(libbb/lib.a)xfuncs_printf.o
(libbb/lib.a)copyfd.o
(libbb/lib.a)full_write.o
(libbb/lib.a)perror_msg.o
(libbb/lib.a)read.o
(libbb/lib.a)safe_write.o
(libbb/lib.a)time.o
(libbb/lib.a)verror_msg.o
(libbb/lib.a)bb_strtonum.o
试图打开 libpwdgrp/lib.a 成功
试图打开 loginutils/lib.a 成功
试图打开 mailutils/lib.a 成功
试图打开 miscutils/lib.a 成功
试图打开 modutils/lib.a 成功
(modutils/lib.a)modinfo.o
(modutils/lib.a)modprobe-small.o
(modutils/lib.a)modutils.o
试图打开 networking/lib.a 成功
(networking/lib.a)hostname.o
(networking/lib.a)ifconfig.o
(networking/lib.a)ifenslave.o
(networking/lib.a)ifplugd.o
(networking/lib.a)ifupdown.o
(networking/lib.a)interface.o
(networking/lib.a)ip.o
(networking/lib.a)netstat.o
(networking/lib.a)ping.o
(networking/lib.a)wget.o
试图打开 networking/libiproute/lib.a 成功
(networking/libiproute/lib.a)ip_parse_common_args.o
(networking/libiproute/lib.a)ipaddress.o
(networking/libiproute/lib.a)iplink.o
(networking/libiproute/lib.a)iproute.o
(networking/libiproute/lib.a)iprule.o
(networking/libiproute/lib.a)iptunnel.o
(networking/libiproute/lib.a)libnetlink.o
(networking/libiproute/lib.a)ll_addr.o
(networking/libiproute/lib.a)ll_map.o
(networking/libiproute/lib.a)ll_types.o
(networking/libiproute/lib.a)rt_names.o
(networking/libiproute/lib.a)rtm_map.o
(networking/libiproute/lib.a)utils.o
试图打开 networking/udhcp/lib.a 成功
(networking/udhcp/lib.a)dhcpc.o
(networking/udhcp/lib.a)domain_codec.o
(networking/udhcp/lib.a)packet.o
(networking/udhcp/lib.a)signalpipe.o
(networking/udhcp/lib.a)socket.o
(networking/udhcp/lib.a)arpping.o
(networking/udhcp/lib.a)common.o
试图打开 printutils/lib.a 成功
试图打开 procps/lib.a 成功
(procps/lib.a)kill.o
(procps/lib.a)ps.o
(procps/lib.a)top.o
(procps/lib.a)watch.o
试图打开 runit/lib.a 成功
试图打开 selinux/lib.a 成功
试图打开 shell/lib.a 成功
(shell/lib.a)ash.o
(shell/lib.a)ash_ptr_hack.o
(shell/lib.a)hush.o
(shell/lib.a)match.o
(shell/lib.a)random.o
(shell/lib.a)shell_common.o
试图打开 sysklogd/lib.a 成功
试图打开 util-linux/lib.a 成功
(util-linux/lib.a)mdev.o
(util-linux/lib.a)mount.o
(util-linux/lib.a)umount.o
试图打开 util-linux/volume_id/lib.a 成功
(util-linux/volume_id/lib.a)get_devname.o
(util-linux/volume_id/lib.a)volume_id.o
(util-linux/volume_id/lib.a)fat.o
(util-linux/volume_id/lib.a)iso9660.o
(util-linux/volume_id/lib.a)romfs.o
(util-linux/volume_id/lib.a)util.o
试图打开 archival/built-in.o 成功
试图打开 archival/libarchive/built-in.o 成功
试图打开 console-tools/built-in.o 成功
试图打开 coreutils/built-in.o 成功
试图打开 coreutils/libcoreutils/built-in.o 成功
试图打开 debianutils/built-in.o 成功
试图打开 e2fsprogs/built-in.o 成功
试图打开 editors/built-in.o 成功
试图打开 findutils/built-in.o 成功
试图打开 init/built-in.o 成功
试图打开 libbb/built-in.o 成功
试图打开 libpwdgrp/built-in.o 成功
试图打开 loginutils/built-in.o 成功
试图打开 mailutils/built-in.o 成功
试图打开 miscutils/built-in.o 成功
试图打开 modutils/built-in.o 成功
试图打开 networking/built-in.o 成功
试图打开 networking/libiproute/built-in.o 成功
试图打开 networking/udhcp/built-in.o 成功
试图打开 printutils/built-in.o 成功
试图打开 procps/built-in.o 成功
试图打开 runit/built-in.o 成功
试图打开 selinux/built-in.o 成功
试图打开 shell/built-in.o 成功
试图打开 sysklogd/built-in.o 成功
试图打开 util-linux/built-in.o 成功
试图打开 util-linux/volume_id/built-in.o 成功
(archival/lib.a)bbunzip.o
(archival/lib.a)cpio.o
(archival/lib.a)gzip.o
(archival/lib.a)tar.o
(archival/libarchive/lib.a)data_extract_all.o
(archival/libarchive/lib.a)data_extract_to_command.o
(archival/libarchive/lib.a)data_extract_to_stdout.o
(archival/libarchive/lib.a)data_skip.o
(archival/libarchive/lib.a)decompress_bunzip2.o
(archival/libarchive/lib.a)decompress_gunzip.o
(archival/libarchive/lib.a)decompress_uncompress.o
(archival/libarchive/lib.a)filter_accept_list.o
(archival/libarchive/lib.a)filter_accept_reject_list.o
(archival/libarchive/lib.a)find_list_entry.o
(archival/libarchive/lib.a)get_header_cpio.o
(archival/libarchive/lib.a)get_header_tar.o
(archival/libarchive/lib.a)header_list.o
(archival/libarchive/lib.a)header_verbose_list.o
(archival/libarchive/lib.a)init_handle.o
(archival/libarchive/lib.a)open_transformer.o
(archival/libarchive/lib.a)seek_by_jump.o
(archival/libarchive/lib.a)seek_by_read.o
(archival/libarchive/lib.a)data_align.o
(archival/libarchive/lib.a)filter_accept_all.o
(archival/libarchive/lib.a)header_skip.o
(coreutils/lib.a)cat.o
(coreutils/lib.a)catv.o
(coreutils/lib.a)chmod.o
(coreutils/lib.a)chown.o
(coreutils/lib.a)cp.o
(coreutils/lib.a)cut.o
(coreutils/lib.a)date.o
(coreutils/lib.a)dd.o
(coreutils/lib.a)df.o
(coreutils/lib.a)dos2unix.o
(coreutils/lib.a)echo.o
(coreutils/lib.a)env.o
(coreutils/lib.a)false.o
(coreutils/lib.a)ln.o
(coreutils/lib.a)ls.o
(coreutils/lib.a)mkdir.o
(coreutils/lib.a)mknod.o
(coreutils/lib.a)mv.o
(coreutils/lib.a)printenv.o
(coreutils/lib.a)printf.o
(coreutils/lib.a)pwd.o
(coreutils/lib.a)rm.o
(coreutils/lib.a)rmdir.o
(coreutils/lib.a)sleep.o
(coreutils/lib.a)stat.o
(coreutils/lib.a)sync.o
(coreutils/lib.a)test.o
(coreutils/lib.a)test_ptr_hack.o
(coreutils/lib.a)true.o
(coreutils/lib.a)usleep.o
(coreutils/lib.a)wc.o
(coreutils/libcoreutils/lib.a)cp_mv_stat.o
(coreutils/libcoreutils/lib.a)getopt_mk_fifo_nod.o
(editors/lib.a)sed.o
(editors/lib.a)vi.o
(findutils/lib.a)grep.o
(init/lib.a)halt.o
(init/lib.a)init.o
(init/lib.a)mesg.o
(libbb/lib.a)ask_confirmation.o
(libbb/lib.a)compare_string_array.o
(libbb/lib.a)concat_path_file.o
(libbb/lib.a)copy_file.o
(libbb/lib.a)crc32.o
(libbb/lib.a)device_open.o
(libbb/lib.a)endofname.o
(libbb/lib.a)execable.o
(libbb/lib.a)fclose_nonstdin.o
(libbb/lib.a)fflush_stdout_and_exit.o
(libbb/lib.a)fgets_str.o
(libbb/lib.a)find_mount_point.o
(libbb/lib.a)find_pid_by_name.o
(libbb/lib.a)get_line_from_file.o
(libbb/lib.a)get_shell_name.o
(libbb/lib.a)getopt32.o
(libbb/lib.a)human_readable.o
(libbb/lib.a)in_ether.o
(libbb/lib.a)inet_cksum.o
(libbb/lib.a)inet_common.o
(libbb/lib.a)info_msg.o
(libbb/lib.a)inode_hash.o
(libbb/lib.a)isdirectory.o
(libbb/lib.a)lineedit.o
(libbb/lib.a)lineedit_ptr_hack.o
(libbb/lib.a)llist.o
(libbb/lib.a)login.o
(libbb/lib.a)loop.o
(libbb/lib.a)make_directory.o
(libbb/lib.a)makedev.o
(libbb/lib.a)match_fstype.o
(libbb/lib.a)mode_string.o
(libbb/lib.a)nuke_str.o
(libbb/lib.a)parse_config.o
(libbb/lib.a)parse_mode.o
(libbb/lib.a)percent_decode.o
(libbb/lib.a)perror_nomsg_and_die.o
(libbb/lib.a)pidfile.o
(libbb/lib.a)print_flags.o
(libbb/lib.a)printable.o
(libbb/lib.a)printable_string.o
(libbb/lib.a)process_escape_sequence.o
(libbb/lib.a)procps.o
(libbb/lib.a)progress.o
(libbb/lib.a)read_key.o
(libbb/lib.a)read_printf.o
(libbb/lib.a)recursive_action.o
(libbb/lib.a)remove_file.o
(libbb/lib.a)safe_gethostname.o
(libbb/lib.a)safe_poll.o
(libbb/lib.a)safe_strncpy.o
(libbb/lib.a)signals.o
(libbb/lib.a)simplify_path.o
(libbb/lib.a)skip_whitespace.o
(libbb/lib.a)str_tolower.o
(libbb/lib.a)strrstr.o
(libbb/lib.a)u_signal_names.o
(libbb/lib.a)uuencode.o
(libbb/lib.a)vfork_daemon_rexec.o
(libbb/lib.a)wfopen.o
(libbb/lib.a)wfopen_input.o
(libbb/lib.a)xatonum.o
(libbb/lib.a)xconnect.o
(libbb/lib.a)xgetcwd.o
(libbb/lib.a)xgethostbyname.o
(libbb/lib.a)xreadlink.o
(libbb/lib.a)xrealloc_vector.o
(libbb/lib.a)xregcomp.o
(libbb/lib.a)bb_pwd.o
(libbb/lib.a)bb_qsort.o
(libbb/lib.a)concat_subpath_file.o
(libbb/lib.a)herror_msg.o
(libpwdgrp/lib.a)uidgid_get.o
试图打开 /usr/local/arm/gcc-linaro-4.9.4-2017.01-x86_64_arm-linux-gnueabihf/bin/../lib/gcc/arm-linux-gnueabihf/4.9.4/libgcc.so 失败
试图打开 /usr/local/arm/gcc-linaro-4.9.4-2017.01-x86_64_arm-linux-gnueabihf/bin/../lib/gcc/arm-linux-gnueabihf/4.9.4/libgcc.a 成功
(/usr/local/arm/gcc-linaro-4.9.4-2017.01-x86_64_arm-linux-gnueabihf/bin/../lib/gcc/arm-linux-gnueabihf/4.9.4/libgcc.a)_udivsi3.o
(/usr/local/arm/gcc-linaro-4.9.4-2017.01-x86_64_arm-linux-gnueabihf/bin/../lib/gcc/arm-linux-gnueabihf/4.9.4/libgcc.a)_divsi3.o
(/usr/local/arm/gcc-linaro-4.9.4-2017.01-x86_64_arm-linux-gnueabihf/bin/../lib/gcc/arm-linux-gnueabihf/4.9.4/libgcc.a)_lshrdi3.o
(/usr/local/arm/gcc-linaro-4.9.4-2017.01-x86_64_arm-linux-gnueabihf/bin/../lib/gcc/arm-linux-gnueabihf/4.9.4/libgcc.a)_ashldi3.o
(/usr/local/arm/gcc-linaro-4.9.4-2017.01-x86_64_arm-linux-gnueabihf/bin/../lib/gcc/arm-linux-gnueabihf/4.9.4/libgcc.a)_arm_addsubdf3.o
(/usr/local/arm/gcc-linaro-4.9.4-2017.01-x86_64_arm-linux-gnueabihf/bin/../lib/gcc/arm-linux-gnueabihf/4.9.4/libgcc.a)_aeabi_ldivmod.o
(/usr/local/arm/gcc-linaro-4.9.4-2017.01-x86_64_arm-linux-gnueabihf/bin/../lib/gcc/arm-linux-gnueabihf/4.9.4/libgcc.a)_aeabi_uldivmod.o
(/usr/local/arm/gcc-linaro-4.9.4-2017.01-x86_64_arm-linux-gnueabihf/bin/../lib/gcc/arm-linux-gnueabihf/4.9.4/libgcc.a)_dvmd_lnx.o
(/usr/local/arm/gcc-linaro-4.9.4-2017.01-x86_64_arm-linux-gnueabihf/bin/../lib/gcc/arm-linux-gnueabihf/4.9.4/libgcc.a)_fixunsdfdi.o
(/usr/local/arm/gcc-linaro-4.9.4-2017.01-x86_64_arm-linux-gnueabihf/bin/../lib/gcc/arm-linux-gnueabihf/4.9.4/libgcc.a)_udivmoddi4.o
试图打开 /usr/local/arm/gcc-linaro-4.9.4-2017.01-x86_64_arm-linux-gnueabihf/bin/../lib/gcc/arm-linux-gnueabihf/4.9.4/libgcc_eh.so 失败
试图打开 /usr/local/arm/gcc-linaro-4.9.4-2017.01-x86_64_arm-linux-gnueabihf/bin/../lib/gcc/arm-linux-gnueabihf/4.9.4/libgcc_eh.a 成功
试图打开 /usr/local/arm/gcc-linaro-4.9.4-2017.01-x86_64_arm-linux-gnueabihf/bin/../lib/gcc/arm-linux-gnueabihf/4.9.4/libc.so 失败
试图打开 /usr/local/arm/gcc-linaro-4.9.4-2017.01-x86_64_arm-linux-gnueabihf/bin/../lib/gcc/arm-linux-gnueabihf/4.9.4/libc.a 失败
试图打开 /usr/local/arm/gcc-linaro-4.9.4-2017.01-x86_64_arm-linux-gnueabihf/bin/../lib/gcc/arm-linux-gnueabihf/libc.so 失败
试图打开 /usr/local/arm/gcc-linaro-4.9.4-2017.01-x86_64_arm-linux-gnueabihf/bin/../lib/gcc/arm-linux-gnueabihf/libc.a 失败
试图打开 /usr/local/arm/gcc-linaro-4.9.4-2017.01-x86_64_arm-linux-gnueabihf/bin/../lib/gcc/libc.so 失败
试图打开 /usr/local/arm/gcc-linaro-4.9.4-2017.01-x86_64_arm-linux-gnueabihf/bin/../lib/gcc/libc.a 失败
试图打开 /usr/local/arm/gcc-linaro-4.9.4-2017.01-x86_64_arm-linux-gnueabihf/bin/../lib/gcc/arm-linux-gnueabihf/4.9.4/../../../../arm-linux-gnueabihf/lib/libc.so 失败
试图打开 /usr/local/arm/gcc-linaro-4.9.4-2017.01-x86_64_arm-linux-gnueabihf/bin/../lib/gcc/arm-linux-gnueabihf/4.9.4/../../../../arm-linux-gnueabihf/lib/libc.a 失败
试图打开 /usr/local/arm/gcc-linaro-4.9.4-2017.01-x86_64_arm-linux-gnueabihf/bin/../arm-linux-gnueabihf/libc/lib/libc.so 失败
试图打开 /usr/local/arm/gcc-linaro-4.9.4-2017.01-x86_64_arm-linux-gnueabihf/bin/../arm-linux-gnueabihf/libc/lib/libc.a 失败
试图打开 /usr/local/arm/gcc-linaro-4.9.4-2017.01-x86_64_arm-linux-gnueabihf/bin/../arm-linux-gnueabihf/libc/usr/lib/libc.so 成功
打开脚本文件 /usr/local/arm/gcc-linaro-4.9.4-2017.01-x86_64_arm-linux-gnueabihf/bin/../arm-linux-gnueabihf/libc/usr/lib/libc.so
打开脚本文件 /usr/local/arm/gcc-linaro-4.9.4-2017.01-x86_64_arm-linux-gnueabihf/bin/../arm-linux-gnueabihf/libc/usr/lib/libc.so
试图打开 /usr/local/arm/gcc-linaro-4.9.4-2017.01-x86_64_arm-linux-gnueabihf/bin/../arm-linux-gnueabihf/libc/lib/libc.so.6 成功
/lib/libc.so.6 (/usr/local/arm/gcc-linaro-4.9.4-2017.01-x86_64_arm-linux-gnueabihf/bin/../arm-linux-gnueabihf/libc/lib/libc.so.6)
试图打开 /usr/local/arm/gcc-linaro-4.9.4-2017.01-x86_64_arm-linux-gnueabihf/bin/../arm-linux-gnueabihf/libc/usr/lib/libc_nonshared.a 成功
(/usr/local/arm/gcc-linaro-4.9.4-2017.01-x86_64_arm-linux-gnueabihf/bin/../arm-linux-gnueabihf/libc/usr/lib/libc_nonshared.a)elf-init.oS
(/usr/local/arm/gcc-linaro-4.9.4-2017.01-x86_64_arm-linux-gnueabihf/bin/../arm-linux-gnueabihf/libc/usr/lib/libc_nonshared.a)atexit.oS
(/usr/local/arm/gcc-linaro-4.9.4-2017.01-x86_64_arm-linux-gnueabihf/bin/../arm-linux-gnueabihf/libc/usr/lib/libc_nonshared.a)stat64.oS
(/usr/local/arm/gcc-linaro-4.9.4-2017.01-x86_64_arm-linux-gnueabihf/bin/../arm-linux-gnueabihf/libc/usr/lib/libc_nonshared.a)fstat64.oS
(/usr/local/arm/gcc-linaro-4.9.4-2017.01-x86_64_arm-linux-gnueabihf/bin/../arm-linux-gnueabihf/libc/usr/lib/libc_nonshared.a)lstat64.oS
(/usr/local/arm/gcc-linaro-4.9.4-2017.01-x86_64_arm-linux-gnueabihf/bin/../arm-linux-gnueabihf/libc/usr/lib/libc_nonshared.a)mknod.oS
试图打开 /usr/local/arm/gcc-linaro-4.9.4-2017.01-x86_64_arm-linux-gnueabihf/bin/../arm-linux-gnueabihf/libc/lib/ld-linux-armhf.so.3 成功
/lib/ld-linux-armhf.so.3 (/usr/local/arm/gcc-linaro-4.9.4-2017.01-x86_64_arm-linux-gnueabihf/bin/../arm-linux-gnueabihf/libc/lib/ld-linux-armhf.so.3)
试图打开 /usr/local/arm/gcc-linaro-4.9.4-2017.01-x86_64_arm-linux-gnueabihf/bin/../lib/gcc/arm-linux-gnueabihf/4.9.4/libgcc.so 失败
试图打开 /usr/local/arm/gcc-linaro-4.9.4-2017.01-x86_64_arm-linux-gnueabihf/bin/../lib/gcc/arm-linux-gnueabihf/4.9.4/libgcc.a 成功
试图打开 /usr/local/arm/gcc-linaro-4.9.4-2017.01-x86_64_arm-linux-gnueabihf/bin/../lib/gcc/arm-linux-gnueabihf/4.9.4/libgcc_eh.so 失败
试图打开 /usr/local/arm/gcc-linaro-4.9.4-2017.01-x86_64_arm-linux-gnueabihf/bin/../lib/gcc/arm-linux-gnueabihf/4.9.4/libgcc_eh.a 成功
试图打开 /usr/local/arm/gcc-linaro-4.9.4-2017.01-x86_64_arm-linux-gnueabihf/bin/../lib/gcc/arm-linux-gnueabihf/4.9.4/crtend.o 成功
/usr/local/arm/gcc-linaro-4.9.4-2017.01-x86_64_arm-linux-gnueabihf/bin/../lib/gcc/arm-linux-gnueabihf/4.9.4/crtend.o
试图打开 /usr/local/arm/gcc-linaro-4.9.4-2017.01-x86_64_arm-linux-gnueabihf/bin/../arm-linux-gnueabihf/libc/usr/lib/crtn.o 成功
/usr/local/arm/gcc-linaro-4.9.4-2017.01-x86_64_arm-linux-gnueabihf/bin/../arm-linux-gnueabihf/libc/usr/lib/crtn.o
ld-linux-armhf.so.3 needed by /usr/local/arm/gcc-linaro-4.9.4-2017.01-x86_64_arm-linux-gnueabihf/bin/../arm-linux-gnueabihf/libc/lib/libc.so.6
found ld-linux-armhf.so.3 at /usr/local/arm/gcc-linaro-4.9.4-2017.01-x86_64_arm-linux-gnueabihf/bin/../arm-linux-gnueabihf/libc/lib/ld-linux-armhf.so.3
