This file contains any messages produced by compilers while
running configure, to aid debugging if configure makes a mistake.

It was created by configure, which was
generated by GNU Autoconf 2.69.  Invocation command line was

  $ ./configure --prefix=/home/cjx/linux/cjx_project/Nuvoton-ARM9/NUC970/NUC972DF62Y/tools/970_tools/dropber/dropbear --with-zlib=/home/cjx/linux/cjx_project/Nuvoton-ARM9/NUC970/NUC972DF62Y/tools/970_tools/dropber/zlib/ CC=arm-linux-gcc --host=arm

## --------- ##
## Platform. ##
## --------- ##

hostname = cjx-virtual-machine
uname -m = x86_64
uname -r = 4.15.0-126-generic
uname -s = Linux
uname -v = #129~16.04.1-Ubuntu SMP Tue Nov 24 11:22:40 UTC 2020

/usr/bin/uname -p = unknown
/bin/uname -X     = unknown

/bin/arch              = unknown
/usr/bin/arch -k       = unknown
/usr/convex/getsysinfo = unknown
/usr/bin/hostinfo      = unknown
/bin/machine           = unknown
/usr/bin/oslevel       = unknown
/bin/universe          = unknown

PATH: /home/cjx/bin
PATH: /home/cjx/.local/bin
PATH: /usr/local/sbin
PATH: /usr/local/bin
PATH: /usr/sbin
PATH: /usr/bin
PATH: /sbin
PATH: /bin
PATH: /usr/games
PATH: /usr/local/games
PATH: /snap/bin
PATH: /home/cjx/linux/Nuvoton-ARM9/NUC970/NUC972DF62Y/tools/arm_linux_4.8/bin/
PATH: /home/cjx/linux/cjx_project/Nuvoton-ARM9/NUC970/NUC972DF62Y/tools/ext-toolchain/bin/


## ----------- ##
## Core tests. ##
## ----------- ##

configure:2314: checking for arm-gcc
configure:2341: result: arm-linux-gcc
configure:2610: checking for C compiler version
configure:2619: arm-linux-gcc --version >&5
arm-linux-gcc (Sourcery CodeBench Lite 2014.05-29) 4.8.3 20140320 (prerelease)
Copyright (C) 2013 Free Software Foundation, Inc.
This is free software; see the source for copying conditions.  There is NO
warranty; not even for MERCHANTABILITY or FITNESS FOR A PARTICULAR PURPOSE.

configure:2630: $? = 0
configure:2619: arm-linux-gcc -v >&5
Using built-in specs.
COLLECT_GCC=arm-linux-gcc
COLLECT_LTO_WRAPPER=/home/cjx/linux/cjx_project/Nuvoton-ARM9/NUC970/NUC972DF62Y/tools/ext-toolchain/bin/../libexec/gcc/arm-none-linux-gnueabi/4.8.3/lto-wrapper
Target: arm-none-linux-gnueabi
Configured with: /scratch/maciej/arm-linux-2014.05-rel/src/gcc-4.8-2014.05/configure --build=i686-pc-linux-gnu --host=i686-pc-linux-gnu --target=arm-none-linux-gnueabi --enable-threads --disable-libmudflap --disable-libssp --disable-libstdcxx-pch --enable-extra-sgxxlite-multilibs --with-arch=armv5te --with-gnu-as --with-gnu-ld --with-specs='%{save-temps: -fverbose-asm} %{funwind-tables|fno-unwind-tables|mabi=*|ffreestanding|nostdlib:;:-funwind-tables} -D__CS_SOURCERYGXX_MAJ__=2014 -D__CS_SOURCERYGXX_MIN__=5 -D__CS_SOURCERYGXX_REV__=29' --enable-languages=c,c++ --enable-shared --enable-lto --enable-symvers=gnu --enable-__cxa_atexit --with-pkgversion='Sourcery CodeBench Lite 2014.05-29' --with-bugurl=https://sourcery.mentor.com/GNUToolchain/ --disable-nls --prefix=/opt/codesourcery --with-sysroot=/opt/codesourcery/arm-none-linux-gnueabi/libc --with-build-sysroot=/scratch/maciej/arm-linux-2014.05-rel/install/opt/codesourcery/arm-none-linux-gnueabi/libc --with-gmp=/scratch/maciej/arm-linux-2014.05-rel/obj/pkg-2014.05-29-arm-none-linux-gnueabi/arm-2014.05-29-arm-none-linux-gnueabi.extras/host-libs-i686-pc-linux-gnu/usr --with-mpfr=/scratch/maciej/arm-linux-2014.05-rel/obj/pkg-2014.05-29-arm-none-linux-gnueabi/arm-2014.05-29-arm-none-linux-gnueabi.extras/host-libs-i686-pc-linux-gnu/usr --with-mpc=/scratch/maciej/arm-linux-2014.05-rel/obj/pkg-2014.05-29-arm-none-linux-gnueabi/arm-2014.05-29-arm-none-linux-gnueabi.extras/host-libs-i686-pc-linux-gnu/usr --with-isl=/scratch/maciej/arm-linux-2014.05-rel/obj/pkg-2014.05-29-arm-none-linux-gnueabi/arm-2014.05-29-arm-none-linux-gnueabi.extras/host-libs-i686-pc-linux-gnu/usr --with-cloog=/scratch/maciej/arm-linux-2014.05-rel/obj/pkg-2014.05-29-arm-none-linux-gnueabi/arm-2014.05-29-arm-none-linux-gnueabi.extras/host-libs-i686-pc-linux-gnu/usr --disable-libgomp --disable-libitm --enable-libatomic --disable-libssp --enable-poison-system-directories --with-build-time-tools=/scratch/maciej/arm-linux-2014.05-rel/install/opt/codesourcery/arm-none-linux-gnueabi/bin --with-build-time-tools=/scratch/maciej/arm-linux-2014.05-rel/install/opt/codesourcery/arm-none-linux-gnueabi/bin SED=sed
Thread model: posix
gcc version 4.8.3 20140320 (prerelease) (Sourcery CodeBench Lite 2014.05-29) 
configure:2630: $? = 0
configure:2619: arm-linux-gcc -V >&5
arm-linux-gcc: error: unrecognized command line option '-V'
arm-linux-gcc: fatal error: no input files
compilation terminated.
configure:2630: $? = 1
configure:2619: arm-linux-gcc -qversion >&5
arm-linux-gcc: error: unrecognized command line option '-qversion'
arm-linux-gcc: fatal error: no input files
compilation terminated.
configure:2630: $? = 1
configure:2650: checking whether the C compiler works
configure:2672: arm-linux-gcc    conftest.c  >&5
configure:2676: $? = 0
configure:2724: result: yes
configure:2727: checking for C compiler default output file name
configure:2729: result: a.out
configure:2735: checking for suffix of executables
configure:2742: arm-linux-gcc -o conftest    conftest.c  >&5
configure:2746: $? = 0
configure:2768: result: 
configure:2790: checking whether we are cross compiling
configure:2798: arm-linux-gcc -o conftest    conftest.c  >&5
configure:2802: $? = 0
configure:2809: ./conftest
./configure: line 2811: ./conftest: cannot execute binary file: Exec format error
configure:2813: $? = 126
configure:2828: result: yes
configure:2833: checking for suffix of object files
configure:2855: arm-linux-gcc -c   conftest.c >&5
configure:2859: $? = 0
configure:2880: result: o
configure:2884: checking whether we are using the GNU C compiler
configure:2903: arm-linux-gcc -c   conftest.c >&5
configure:2903: $? = 0
configure:2912: result: yes
configure:2921: checking whether arm-linux-gcc accepts -g
configure:2941: arm-linux-gcc -c -g  conftest.c >&5
configure:2941: $? = 0
configure:2982: result: yes
configure:2999: checking for arm-linux-gcc option to accept ISO C89
configure:3062: arm-linux-gcc  -c -g -O2  conftest.c >&5
configure:3062: $? = 0
configure:3075: result: none needed
configure:3095: checking whether make sets $(MAKE)
configure:3117: result: yes
configure:3133: No $CFLAGS set... using "-Os -W -Wall" for GCC
configure:3147: checking for special C compiler options needed for large files
configure:3192: result: no
configure:3198: checking for _FILE_OFFSET_BITS value needed for large files
configure:3223: arm-linux-gcc -c -Os -W -Wall -Wno-pointer-sign  conftest.c >&5
conftest.c:15:3: warning: left shift count >= width of type [enabled by default]
   int off_t_is_large[(LARGE_OFF_T % 2147483629 == 721
   ^
conftest.c:15:3: warning: left shift count >= width of type [enabled by default]
conftest.c:16:10: warning: left shift count >= width of type [enabled by default]
          && LARGE_OFF_T % 2147483647 == 1)
          ^
conftest.c:16:10: warning: left shift count >= width of type [enabled by default]
conftest.c:15:7: error: variably modified 'off_t_is_large' at file scope
   int off_t_is_large[(LARGE_OFF_T % 2147483629 == 721
       ^
configure:3223: $? = 1
configure: failed program was:
| /* confdefs.h */
| #define PACKAGE_NAME ""
| #define PACKAGE_TARNAME ""
| #define PACKAGE_VERSION ""
| #define PACKAGE_STRING ""
| #define PACKAGE_BUGREPORT ""
| #define PACKAGE_URL ""
| /* end confdefs.h.  */
| #include <sys/types.h>
|  /* Check that off_t can represent 2**63 - 1 correctly.
|     We can't simply define LARGE_OFF_T to be 9223372036854775807,
|     since some C++ compilers masquerading as C compilers
|     incorrectly reject 9223372036854775807.  */
| #define LARGE_OFF_T (((off_t) 1 << 62) - 1 + ((off_t) 1 << 62))
|   int off_t_is_large[(LARGE_OFF_T % 2147483629 == 721
| 		       && LARGE_OFF_T % 2147483647 == 1)
| 		      ? 1 : -1];
| int
| main ()
| {
| 
|   ;
|   return 0;
| }
configure:3247: arm-linux-gcc -c -Os -W -Wall -Wno-pointer-sign  conftest.c >&5
configure:3247: $? = 0
configure:3255: result: 64
configure:3376: checking build system type
configure:3390: result: x86_64-unknown-linux-gnu
configure:3410: checking host system type
configure:3423: result: arm-unknown-none
configure:3579: checking for arm-ar
configure:3609: result: no
configure:3619: checking for ar
configure:3635: found /usr/bin/ar
configure:3646: result: ar
configure:3658: WARNING: using cross tools not prefixed with host triplet
configure:3671: checking for arm-ranlib
configure:3701: result: no
configure:3711: checking for ranlib
configure:3727: found /usr/bin/ranlib
configure:3738: result: ranlib
configure:3763: checking for arm-strip
configure:3793: result: no
configure:3803: checking for strip
configure:3819: found /usr/bin/strip
configure:3830: result: strip
configure:3855: checking for arm-install
configure:3885: result: no
configure:3895: checking for install
configure:3911: found /usr/bin/install
configure:3922: result: install
configure:3950: checking how to run the C preprocessor
configure:3981: arm-linux-gcc -E  conftest.c
configure:3981: $? = 0
configure:3995: arm-linux-gcc -E  conftest.c
conftest.c:10:28: fatal error: ac_nonexistent.h: No such file or directory
 #include <ac_nonexistent.h>
                            ^
compilation terminated.
configure:3995: $? = 1
configure: failed program was:
| /* confdefs.h */
| #define PACKAGE_NAME ""
| #define PACKAGE_TARNAME ""
| #define PACKAGE_VERSION ""
| #define PACKAGE_STRING ""
| #define PACKAGE_BUGREPORT ""
| #define PACKAGE_URL ""
| #define _FILE_OFFSET_BITS 64
| /* end confdefs.h.  */
| #include <ac_nonexistent.h>
configure:4020: result: arm-linux-gcc -E
configure:4040: arm-linux-gcc -E  conftest.c
configure:4040: $? = 0
configure:4054: arm-linux-gcc -E  conftest.c
conftest.c:10:28: fatal error: ac_nonexistent.h: No such file or directory
 #include <ac_nonexistent.h>
                            ^
compilation terminated.
configure:4054: $? = 1
configure: failed program was:
| /* confdefs.h */
| #define PACKAGE_NAME ""
| #define PACKAGE_TARNAME ""
| #define PACKAGE_VERSION ""
| #define PACKAGE_STRING ""
| #define PACKAGE_BUGREPORT ""
| #define PACKAGE_URL ""
| #define _FILE_OFFSET_BITS 64
| /* end confdefs.h.  */
| #include <ac_nonexistent.h>
configure:4083: checking for grep that handles long lines and -e
configure:4141: result: /bin/grep
configure:4146: checking for egrep
configure:4208: result: /bin/grep -E
configure:4213: checking for ANSI C header files
configure:4233: arm-linux-gcc -c -Os -W -Wall -Wno-pointer-sign  conftest.c >&5
configure:4233: $? = 0
configure:4317: result: yes
configure:4330: checking for sys/types.h
configure:4330: arm-linux-gcc -c -Os -W -Wall -Wno-pointer-sign  conftest.c >&5
configure:4330: $? = 0
configure:4330: result: yes
configure:4330: checking for sys/stat.h
configure:4330: arm-linux-gcc -c -Os -W -Wall -Wno-pointer-sign  conftest.c >&5
configure:4330: $? = 0
configure:4330: result: yes
configure:4330: checking for stdlib.h
configure:4330: arm-linux-gcc -c -Os -W -Wall -Wno-pointer-sign  conftest.c >&5
configure:4330: $? = 0
configure:4330: result: yes
configure:4330: checking for string.h
configure:4330: arm-linux-gcc -c -Os -W -Wall -Wno-pointer-sign  conftest.c >&5
configure:4330: $? = 0
configure:4330: result: yes
configure:4330: checking for memory.h
configure:4330: arm-linux-gcc -c -Os -W -Wall -Wno-pointer-sign  conftest.c >&5
configure:4330: $? = 0
configure:4330: result: yes
configure:4330: checking for strings.h
configure:4330: arm-linux-gcc -c -Os -W -Wall -Wno-pointer-sign  conftest.c >&5
configure:4330: $? = 0
configure:4330: result: yes
configure:4330: checking for inttypes.h
configure:4330: arm-linux-gcc -c -Os -W -Wall -Wno-pointer-sign  conftest.c >&5
configure:4330: $? = 0
configure:4330: result: yes
configure:4330: checking for stdint.h
configure:4330: arm-linux-gcc -c -Os -W -Wall -Wno-pointer-sign  conftest.c >&5
configure:4330: $? = 0
configure:4330: result: yes
configure:4330: checking for unistd.h
configure:4330: arm-linux-gcc -c -Os -W -Wall -Wno-pointer-sign  conftest.c >&5
configure:4330: $? = 0
configure:4330: result: yes
configure:4342: checking whether __UCLIBC__ is declared
configure:4342: arm-linux-gcc -c -Os -W -Wall -Wno-pointer-sign  conftest.c >&5
conftest.c: In function 'main':
conftest.c:60:10: error: '__UCLIBC__' undeclared (first use in this function)
   (void) __UCLIBC__;
          ^
conftest.c:60:10: note: each undeclared identifier is reported only once for each function it appears in
configure:4342: $? = 1
configure: failed program was:
| /* confdefs.h */
| #define PACKAGE_NAME ""
| #define PACKAGE_TARNAME ""
| #define PACKAGE_VERSION ""
| #define PACKAGE_STRING ""
| #define PACKAGE_BUGREPORT ""
| #define PACKAGE_URL ""
| #define _FILE_OFFSET_BITS 64
| #define STDC_HEADERS 1
| #define HAVE_SYS_TYPES_H 1
| #define HAVE_SYS_STAT_H 1
| #define HAVE_STDLIB_H 1
| #define HAVE_STRING_H 1
| #define HAVE_MEMORY_H 1
| #define HAVE_STRINGS_H 1
| #define HAVE_INTTYPES_H 1
| #define HAVE_STDINT_H 1
| #define HAVE_UNISTD_H 1
| /* end confdefs.h.  */
| #include <stdio.h>
| #ifdef HAVE_SYS_TYPES_H
| # include <sys/types.h>
| #endif
| #ifdef HAVE_SYS_STAT_H
| # include <sys/stat.h>
| #endif
| #ifdef STDC_HEADERS
| # include <stdlib.h>
| # include <stddef.h>
| #else
| # ifdef HAVE_STDLIB_H
| #  include <stdlib.h>
| # endif
| #endif
| #ifdef HAVE_STRING_H
| # if !defined STDC_HEADERS && defined HAVE_MEMORY_H
| #  include <memory.h>
| # endif
| # include <string.h>
| #endif
| #ifdef HAVE_STRINGS_H
| # include <strings.h>
| #endif
| #ifdef HAVE_INTTYPES_H
| # include <inttypes.h>
| #endif
| #ifdef HAVE_STDINT_H
| # include <stdint.h>
| #endif
| #ifdef HAVE_UNISTD_H
| # include <unistd.h>
| #endif
| int
| main ()
| {
| #ifndef __UCLIBC__
| #ifdef __cplusplus
|   (void) __UCLIBC__;
| #else
|   (void) __UCLIBC__;
| #endif
| #endif
| 
|   ;
|   return 0;
| }
configure:4342: result: no
configure:4352: checking for crypt
configure:4352: arm-linux-gcc -o conftest -Os -W -Wall -Wno-pointer-sign   conftest.c  >&5
/tmp/ccu8q1F0.o: In function `main':
conftest.c:(.text.startup+0x4): undefined reference to `crypt'
collect2: error: ld returned 1 exit status
configure:4352: $? = 1
configure: failed program was:
| /* confdefs.h */
| #define PACKAGE_NAME ""
| #define PACKAGE_TARNAME ""
| #define PACKAGE_VERSION ""
| #define PACKAGE_STRING ""
| #define PACKAGE_BUGREPORT ""
| #define PACKAGE_URL ""
| #define _FILE_OFFSET_BITS 64
| #define STDC_HEADERS 1
| #define HAVE_SYS_TYPES_H 1
| #define HAVE_SYS_STAT_H 1
| #define HAVE_STDLIB_H 1
| #define HAVE_STRING_H 1
| #define HAVE_MEMORY_H 1
| #define HAVE_STRINGS_H 1
| #define HAVE_INTTYPES_H 1
| #define HAVE_STDINT_H 1
| #define HAVE_UNISTD_H 1
| /* end confdefs.h.  */
| /* Define crypt to an innocuous variant, in case <limits.h> declares crypt.
|    For example, HP-UX 11i <limits.h> declares gettimeofday.  */
| #define crypt innocuous_crypt
| 
| /* System header to define __stub macros and hopefully few prototypes,
|     which can conflict with char crypt (); below.
|     Prefer <limits.h> to <assert.h> if __STDC__ is defined, since
|     <limits.h> exists even on freestanding compilers.  */
| 
| #ifdef __STDC__
| # include <limits.h>
| #else
| # include <assert.h>
| #endif
| 
| #undef crypt
| 
| /* Override any GCC internal prototype to avoid an error.
|    Use char because int might match the return type of a GCC
|    builtin and then its argument prototype would still apply.  */
| #ifdef __cplusplus
| extern "C"
| #endif
| char crypt ();
| /* The GNU C library defines this for functions which it implements
|     to always fail with ENOSYS.  Some functions are actually named
|     something starting with __ and the normal name is an alias.  */
| #if defined __stub_crypt || defined __stub___crypt
| choke me
| #endif
| 
| int
| main ()
| {
| return crypt ();
|   ;
|   return 0;
| }
configure:4352: result: no
configure:4357: checking for crypt in -lcrypt
configure:4382: arm-linux-gcc -o conftest -Os -W -Wall -Wno-pointer-sign   conftest.c -lcrypt   >&5
configure:4382: $? = 0
configure:4391: result: yes
configure:4492: checking for deflate in -lz
configure:4517: arm-linux-gcc -o conftest -Os -W -Wall -Wno-pointer-sign -I/home/cjx/linux/cjx_project/Nuvoton-ARM9/NUC970/NUC972DF62Y/tools/970_tools/dropber/zlib//include  -L/home/cjx/linux/cjx_project/Nuvoton-ARM9/NUC970/NUC972DF62Y/tools/970_tools/dropber/zlib//lib  conftest.c -lz   >&5
/home/cjx/linux/cjx_project/Nuvoton-ARM9/NUC970/NUC972DF62Y/tools/970_tools/dropber/zlib//lib/libz.so: file not recognized: File format not recognized
collect2: error: ld returned 1 exit status
configure:4517: $? = 1
configure: failed program was:
| /* confdefs.h */
| #define PACKAGE_NAME ""
| #define PACKAGE_TARNAME ""
| #define PACKAGE_VERSION ""
| #define PACKAGE_STRING ""
| #define PACKAGE_BUGREPORT ""
| #define PACKAGE_URL ""
| #define _FILE_OFFSET_BITS 64
| #define STDC_HEADERS 1
| #define HAVE_SYS_TYPES_H 1
| #define HAVE_SYS_STAT_H 1
| #define HAVE_STDLIB_H 1
| #define HAVE_STRING_H 1
| #define HAVE_MEMORY_H 1
| #define HAVE_STRINGS_H 1
| #define HAVE_INTTYPES_H 1
| #define HAVE_STDINT_H 1
| #define HAVE_UNISTD_H 1
| #define HAVE_CRYPT 1
| /* end confdefs.h.  */
| 
| /* Override any GCC internal prototype to avoid an error.
|    Use char because int might match the return type of a GCC
|    builtin and then its argument prototype would still apply.  */
| #ifdef __cplusplus
| extern "C"
| #endif
| char deflate ();
| int
| main ()
| {
| return deflate ();
|   ;
|   return 0;
| }
configure:4526: result: no
configure:4536: error: *** zlib missing - install first or check config.log ***

## ---------------- ##
## Cache variables. ##
## ---------------- ##

ac_cv_build=x86_64-unknown-linux-gnu
ac_cv_c_compiler_gnu=yes
ac_cv_env_CC_set=set
ac_cv_env_CC_value=arm-linux-gcc
ac_cv_env_CFLAGS_set=
ac_cv_env_CFLAGS_value=
ac_cv_env_CPPFLAGS_set=
ac_cv_env_CPPFLAGS_value=
ac_cv_env_CPP_set=
ac_cv_env_CPP_value=
ac_cv_env_LDFLAGS_set=
ac_cv_env_LDFLAGS_value=
ac_cv_env_LIBS_set=
ac_cv_env_LIBS_value=
ac_cv_env_build_alias_set=
ac_cv_env_build_alias_value=
ac_cv_env_host_alias_set=set
ac_cv_env_host_alias_value=arm
ac_cv_env_target_alias_set=
ac_cv_env_target_alias_value=
ac_cv_func_crypt=no
ac_cv_have_decl___UCLIBC__=no
ac_cv_header_inttypes_h=yes
ac_cv_header_memory_h=yes
ac_cv_header_stdc=yes
ac_cv_header_stdint_h=yes
ac_cv_header_stdlib_h=yes
ac_cv_header_string_h=yes
ac_cv_header_strings_h=yes
ac_cv_header_sys_stat_h=yes
ac_cv_header_sys_types_h=yes
ac_cv_header_unistd_h=yes
ac_cv_host=arm-unknown-none
ac_cv_lib_crypt_crypt=yes
ac_cv_lib_z_deflate=no
ac_cv_objext=o
ac_cv_path_EGREP='/bin/grep -E'
ac_cv_path_GREP=/bin/grep
ac_cv_prog_CC=arm-linux-gcc
ac_cv_prog_CPP='arm-linux-gcc -E'
ac_cv_prog_ac_ct_AR=ar
ac_cv_prog_ac_ct_INSTALL=install
ac_cv_prog_ac_ct_RANLIB=ranlib
ac_cv_prog_ac_ct_STRIP=strip
ac_cv_prog_cc_c89=
ac_cv_prog_cc_g=yes
ac_cv_prog_make_make_set=yes
ac_cv_sys_file_offset_bits=64
ac_cv_sys_largefile_CC=no

## ----------------- ##
## Output variables. ##
## ----------------- ##

AR='ar'
BUNDLED_LIBTOM=''
CC='arm-linux-gcc'
CFLAGS='-Os -W -Wall -Wno-pointer-sign'
CPP='arm-linux-gcc -E'
CPPFLAGS='-I/home/cjx/linux/cjx_project/Nuvoton-ARM9/NUC970/NUC972DF62Y/tools/970_tools/dropber/zlib//include '
CRYPTLIB='-lcrypt'
DEFS=''
ECHO_C=''
ECHO_N='-n'
ECHO_T=''
EGREP='/bin/grep -E'
EXEEXT=''
GREP='/bin/grep'
INSTALL='install'
LD='arm-linux-gcc'
LDFLAGS='-L/home/cjx/linux/cjx_project/Nuvoton-ARM9/NUC970/NUC972DF62Y/tools/970_tools/dropber/zlib//lib '
LIBOBJS=''
LIBS=''
LIBTOM_LIBS=''
LTLIBOBJS=''
OBJEXT='o'
PACKAGE_BUGREPORT=''
PACKAGE_NAME=''
PACKAGE_STRING=''
PACKAGE_TARNAME=''
PACKAGE_URL=''
PACKAGE_VERSION=''
PATH_SEPARATOR=':'
RANLIB='ranlib'
SET_MAKE=''
SHELL='/bin/bash'
STRIP='strip'
ac_ct_CC=''
bindir='${exec_prefix}/bin'
build='x86_64-unknown-linux-gnu'
build_alias=''
build_cpu='x86_64'
build_os='linux-gnu'
build_vendor='unknown'
datadir='${datarootdir}'
datarootdir='${prefix}/share'
docdir='${datarootdir}/doc/${PACKAGE}'
dvidir='${docdir}'
exec_prefix='NONE'
host='arm-unknown-none'
host_alias='arm'
host_cpu='arm'
host_os='none'
host_vendor='unknown'
htmldir='${docdir}'
includedir='${prefix}/include'
infodir='${datarootdir}/info'
libdir='${exec_prefix}/lib'
libexecdir='${exec_prefix}/libexec'
localedir='${datarootdir}/locale'
localstatedir='${prefix}/var'
mandir='${datarootdir}/man'
oldincludedir='/usr/include'
pdfdir='${docdir}'
prefix='/home/cjx/linux/cjx_project/Nuvoton-ARM9/NUC970/NUC972DF62Y/tools/970_tools/dropber/dropbear'
program_transform_name='s,x,x,'
psdir='${docdir}'
sbindir='${exec_prefix}/sbin'
sharedstatedir='${prefix}/com'
sysconfdir='${prefix}/etc'
target_alias=''

## ----------- ##
## confdefs.h. ##
## ----------- ##

/* confdefs.h */
#define PACKAGE_NAME ""
#define PACKAGE_TARNAME ""
#define PACKAGE_VERSION ""
#define PACKAGE_STRING ""
#define PACKAGE_BUGREPORT ""
#define PACKAGE_URL ""
#define _FILE_OFFSET_BITS 64
#define STDC_HEADERS 1
#define HAVE_SYS_TYPES_H 1
#define HAVE_SYS_STAT_H 1
#define HAVE_STDLIB_H 1
#define HAVE_STRING_H 1
#define HAVE_MEMORY_H 1
#define HAVE_STRINGS_H 1
#define HAVE_INTTYPES_H 1
#define HAVE_STDINT_H 1
#define HAVE_UNISTD_H 1
#define HAVE_CRYPT 1

configure: exit 1
